{"numTotalTestSuites":27,"numPassedTestSuites":27,"numFailedTestSuites":0,"numPendingTestSuites":0,"numTotalTests":100,"numPassedTests":100,"numFailedTests":0,"numPendingTests":0,"numTodoTests":0,"snapshot":{"added":0,"failure":false,"filesAdded":0,"filesRemoved":0,"filesRemovedList":[],"filesUnmatched":0,"filesUpdated":0,"matched":0,"total":0,"unchecked":0,"uncheckedKeysByFile":[],"unmatched":0,"updated":0,"didUpdate":false},"startTime":1776829580366,"success":true,"testResults":[{"assertionResults":[{"ancestorTitles":["Email Validation - Unit Tests"],"fullName":"Email Validation - Unit Tests should accept valid email addresses","status":"passed","title":"should accept valid email addresses","duration":2.944041999999854,"failureMessages":[],"meta":{}},{"ancestorTitles":["Email Validation - Unit Tests"],"fullName":"Email Validation - Unit Tests should reject empty email","status":"passed","title":"should reject empty email","duration":0.5708750000001146,"failureMessages":[],"meta":{}},{"ancestorTitles":["Email Validation - Unit Tests"],"fullName":"Email Validation - Unit Tests should reject email without @","status":"passed","title":"should reject email without @","duration":0.5384169999999813,"failureMessages":[],"meta":{}},{"ancestorTitles":["Email Validation - Unit Tests"],"fullName":"Email Validation - Unit Tests should reject email without domain","status":"passed","title":"should reject email without domain","duration":0.5100419999998849,"failureMessages":[],"meta":{}},{"ancestorTitles":["Email Validation - Property Tests"],"fullName":"Email Validation - Property Tests should accept all valid email formats","status":"passed","title":"should accept all valid email formats","duration":16.624958000000106,"failureMessages":[],"meta":{}},{"ancestorTitles":["Email Validation - Property Tests"],"fullName":"Email Validation - Property Tests should reject all invalid email formats","status":"passed","title":"should reject all invalid email formats","duration":2.794499999999971,"failureMessages":[],"meta":{}},{"ancestorTitles":["Password Validation - Property Tests"],"fullName":"Password Validation - Property Tests should accept all conforming passwords","status":"passed","title":"should accept all conforming passwords","duration":13.69966599999998,"failureMessages":[],"meta":{}},{"ancestorTitles":["Password Validation - Property Tests"],"fullName":"Password Validation - Property Tests should reject all non-conforming passwords","status":"passed","title":"should reject all non-conforming passwords","duration":34.34620800000016,"failureMessages":[],"meta":{}}],"startTime":1776829582018,"endTime":1776829582090.3462,"status":"passed","message":"","name":"/Users/quynh.pq/Kiro-MyFirstProject/sprint-sync/lib/auth/__tests__/example.test.ts"},{"assertionResults":[{"ancestorTitles":["Test Setup Verification"],"fullName":"Test Setup Verification should run basic unit tests","status":"passed","title":"should run basic unit tests","duration":1.745834000000059,"failureMessages":[],"meta":{}},{"ancestorTitles":["Test Setup Verification"],"fullName":"Test Setup Verification should run property-based tests with fast-check","status":"passed","title":"should run property-based tests with fast-check","duration":5.353417000000036,"failureMessages":[],"meta":{}},{"ancestorTitles":["Test Setup Verification"],"fullName":"Test Setup Verification should have access to test utilities","status":"passed","title":"should have access to test utilities","duration":16.843791999999894,"failureMessages":[],"meta":{}}],"startTime":1776829582018,"endTime":1776829582041.8438,"status":"passed","message":"","name":"/Users/quynh.pq/Kiro-MyFirstProject/sprint-sync/lib/auth/__tests__/setup.test.ts"},{"assertionResults":[{"ancestorTitles":["validateEmail - Unit Tests","valid emails"],"fullName":"validateEmail - Unit Tests valid emails should accept standard email format","status":"passed","title":"should accept standard email format","duration":1.5080419999999322,"failureMessages":[],"meta":{}},{"ancestorTitles":["validateEmail - Unit Tests","valid emails"],"fullName":"validateEmail - Unit Tests valid emails should accept email with subdomain","status":"passed","title":"should accept email with subdomain","duration":0.22424999999998363,"failureMessages":[],"meta":{}},{"ancestorTitles":["validateEmail - Unit Tests","valid emails"],"fullName":"validateEmail - Unit Tests valid emails should accept email with plus sign","status":"passed","title":"should accept email with plus sign","duration":0.2717079999999896,"failureMessages":[],"meta":{}},{"ancestorTitles":["validateEmail - Unit Tests","valid emails"],"fullName":"validateEmail - Unit Tests valid emails should accept email with dots in local part","status":"passed","title":"should accept email with dots in local part","duration":0.11633300000016789,"failureMessages":[],"meta":{}},{"ancestorTitles":["validateEmail - Unit Tests","valid emails"],"fullName":"validateEmail - Unit Tests valid emails should accept email with hyphen in domain","status":"passed","title":"should accept email with hyphen in domain","duration":0.11562500000013642,"failureMessages":[],"meta":{}},{"ancestorTitles":["validateEmail - Unit Tests","valid emails"],"fullName":"validateEmail - Unit Tests valid emails should accept email with numbers","status":"passed","title":"should accept email with numbers","duration":0.10891700000001947,"failureMessages":[],"meta":{}},{"ancestorTitles":["validateEmail - Unit Tests","valid emails"],"fullName":"validateEmail - Unit Tests valid emails should accept email with underscore","status":"passed","title":"should accept email with underscore","duration":0.10000000000013642,"failureMessages":[],"meta":{}},{"ancestorTitles":["validateEmail - Unit Tests","invalid emails"],"fullName":"validateEmail - Unit Tests invalid emails should reject empty string","status":"passed","title":"should reject empty string","duration":0.27462500000001455,"failureMessages":[],"meta":{}},{"ancestorTitles":["validateEmail - Unit Tests","invalid emails"],"fullName":"validateEmail - Unit Tests invalid emails should reject whitespace-only string","status":"passed","title":"should reject whitespace-only string","duration":0.2745829999998932,"failureMessages":[],"meta":{}},{"ancestorTitles":["validateEmail - Unit Tests","invalid emails"],"fullName":"validateEmail - Unit Tests invalid emails should reject email without @ symbol","status":"passed","title":"should reject email without @ symbol","duration":0.16408400000000256,"failureMessages":[],"meta":{}},{"ancestorTitles":["validateEmail - Unit Tests","invalid emails"],"fullName":"validateEmail - Unit Tests invalid emails should reject email without domain","status":"passed","title":"should reject email without domain","duration":0.12408399999981157,"failureMessages":[],"meta":{}},{"ancestorTitles":["validateEmail - Unit Tests","invalid emails"],"fullName":"validateEmail - Unit Tests invalid emails should reject email without local part","status":"passed","title":"should reject email without local part","duration":0.10045800000011695,"failureMessages":[],"meta":{}},{"ancestorTitles":["validateEmail - Unit Tests","invalid emails"],"fullName":"validateEmail - Unit Tests invalid emails should reject email without TLD","status":"passed","title":"should reject email without TLD","duration":0.14599999999995816,"failureMessages":[],"meta":{}},{"ancestorTitles":["validateEmail - Unit Tests","invalid emails"],"fullName":"validateEmail - Unit Tests invalid emails should reject email with spaces","status":"passed","title":"should reject email with spaces","duration":0.1951249999999618,"failureMessages":[],"meta":{}},{"ancestorTitles":["validateEmail - Unit Tests","invalid emails"],"fullName":"validateEmail - Unit Tests invalid emails should reject email with multiple @ symbols","status":"passed","title":"should reject email with multiple @ symbols","duration":0.15183300000012423,"failureMessages":[],"meta":{}},{"ancestorTitles":["validatePassword - Unit Tests","valid passwords"],"fullName":"validatePassword - Unit Tests valid passwords should accept password with exactly 8 characters (boundary)","status":"passed","title":"should accept password with exactly 8 characters (boundary)","duration":0.4064170000001468,"failureMessages":[],"meta":{}},{"ancestorTitles":["validatePassword - Unit Tests","valid passwords"],"fullName":"validatePassword - Unit Tests valid passwords should accept password with 9 characters","status":"passed","title":"should accept password with 9 characters","duration":0.18608399999993708,"failureMessages":[],"meta":{}},{"ancestorTitles":["validatePassword - Unit Tests","valid passwords"],"fullName":"validatePassword - Unit Tests valid passwords should accept password with 20 characters","status":"passed","title":"should accept password with 20 characters","duration":0.09266699999989214,"failureMessages":[],"meta":{}},{"ancestorTitles":["validatePassword - Unit Tests","valid passwords"],"fullName":"validatePassword - Unit Tests valid passwords should accept password with special characters","status":"passed","title":"should accept password with special characters","duration":0.07445899999993344,"failureMessages":[],"meta":{}},{"ancestorTitles":["validatePassword - Unit Tests","valid passwords"],"fullName":"validatePassword - Unit Tests valid passwords should accept password with multiple uppercase letters","status":"passed","title":"should accept password with multiple uppercase letters","duration":0.06725000000005821,"failureMessages":[],"meta":{}},{"ancestorTitles":["validatePassword - Unit Tests","valid passwords"],"fullName":"validatePassword - Unit Tests valid passwords should accept password with multiple lowercase letters","status":"passed","title":"should accept password with multiple lowercase letters","duration":0.06308400000011716,"failureMessages":[],"meta":{}},{"ancestorTitles":["validatePassword - Unit Tests","valid passwords"],"fullName":"validatePassword - Unit Tests valid passwords should accept password with multiple digits","status":"passed","title":"should accept password with multiple digits","duration":0.09737500000005639,"failureMessages":[],"meta":{}},{"ancestorTitles":["validatePassword - Unit Tests","invalid passwords"],"fullName":"validatePassword - Unit Tests invalid passwords should reject empty string","status":"passed","title":"should reject empty string","duration":0.1604170000000522,"failureMessages":[],"meta":{}},{"ancestorTitles":["validatePassword - Unit Tests","invalid passwords"],"fullName":"validatePassword - Unit Tests invalid passwords should reject password with 7 characters (boundary)","status":"passed","title":"should reject password with 7 characters (boundary)","duration":0.09225000000014916,"failureMessages":[],"meta":{}},{"ancestorTitles":["validatePassword - Unit Tests","invalid passwords"],"fullName":"validatePassword - Unit Tests invalid passwords should reject password with 1 character","status":"passed","title":"should reject password with 1 character","duration":0.07200000000011642,"failureMessages":[],"meta":{}},{"ancestorTitles":["validatePassword - Unit Tests","invalid passwords"],"fullName":"validatePassword - Unit Tests invalid passwords should reject password without uppercase letter","status":"passed","title":"should reject password without uppercase letter","duration":0.0708750000001146,"failureMessages":[],"meta":{}},{"ancestorTitles":["validatePassword - Unit Tests","invalid passwords"],"fullName":"validatePassword - Unit Tests invalid passwords should reject password without lowercase letter","status":"passed","title":"should reject password without lowercase letter","duration":0.0724169999998594,"failureMessages":[],"meta":{}},{"ancestorTitles":["validatePassword - Unit Tests","invalid passwords"],"fullName":"validatePassword - Unit Tests invalid passwords should reject password without digit","status":"passed","title":"should reject password without digit","duration":0.13249999999993634,"failureMessages":[],"meta":{}},{"ancestorTitles":["validatePassword - Unit Tests","invalid passwords"],"fullName":"validatePassword - Unit Tests invalid passwords should reject password with only lowercase and digits","status":"passed","title":"should reject password with only lowercase and digits","duration":0.18200000000001637,"failureMessages":[],"meta":{}},{"ancestorTitles":["validatePassword - Unit Tests","invalid passwords"],"fullName":"validatePassword - Unit Tests invalid passwords should reject password with only uppercase and digits","status":"passed","title":"should reject password with only uppercase and digits","duration":0.2339999999999236,"failureMessages":[],"meta":{}},{"ancestorTitles":["validatePassword - Unit Tests","invalid passwords"],"fullName":"validatePassword - Unit Tests invalid passwords should reject password with only letters","status":"passed","title":"should reject password with only letters","duration":0.15883400000006986,"failureMessages":[],"meta":{}},{"ancestorTitles":["validateDisplayName - Unit Tests","valid display names"],"fullName":"validateDisplayName - Unit Tests valid display names should accept display name with 1 character (boundary)","status":"passed","title":"should accept display name with 1 character (boundary)","duration":0.11404100000004291,"failureMessages":[],"meta":{}},{"ancestorTitles":["validateDisplayName - Unit Tests","valid display names"],"fullName":"validateDisplayName - Unit Tests valid display names should accept display name with 2 characters","status":"passed","title":"should accept display name with 2 characters","duration":0.17487499999992906,"failureMessages":[],"meta":{}},{"ancestorTitles":["validateDisplayName - Unit Tests","valid display names"],"fullName":"validateDisplayName - Unit Tests valid display names should accept display name with 25 characters","status":"passed","title":"should accept display name with 25 characters","duration":0.29187500000011823,"failureMessages":[],"meta":{}},{"ancestorTitles":["validateDisplayName - Unit Tests","valid display names"],"fullName":"validateDisplayName - Unit Tests valid display names should accept display name with exactly 50 characters (boundary)","status":"passed","title":"should accept display name with exactly 50 characters (boundary)","duration":0.14454200000000128,"failureMessages":[],"meta":{}},{"ancestorTitles":["validateDisplayName - Unit Tests","valid display names"],"fullName":"validateDisplayName - Unit Tests valid display names should accept display name with spaces","status":"passed","title":"should accept display name with spaces","duration":0.15062500000021828,"failureMessages":[],"meta":{}},{"ancestorTitles":["validateDisplayName - Unit Tests","valid display names"],"fullName":"validateDisplayName - Unit Tests valid display names should accept display name with special characters","status":"passed","title":"should accept display name with special characters","duration":0.0881249999999909,"failureMessages":[],"meta":{}},{"ancestorTitles":["validateDisplayName - Unit Tests","valid display names"],"fullName":"validateDisplayName - Unit Tests valid display names should accept display name with numbers","status":"passed","title":"should accept display name with numbers","duration":0.05520799999999326,"failureMessages":[],"meta":{}},{"ancestorTitles":["validateDisplayName - Unit Tests","valid display names"],"fullName":"validateDisplayName - Unit Tests valid display names should accept display name with unicode characters","status":"passed","title":"should accept display name with unicode characters","duration":0.06858299999998962,"failureMessages":[],"meta":{}},{"ancestorTitles":["validateDisplayName - Unit Tests","valid display names"],"fullName":"validateDisplayName - Unit Tests valid display names should accept display name with emojis","status":"passed","title":"should accept display name with emojis","duration":0.07312500000011823,"failureMessages":[],"meta":{}},{"ancestorTitles":["validateDisplayName - Unit Tests","invalid display names"],"fullName":"validateDisplayName - Unit Tests invalid display names should reject empty string","status":"passed","title":"should reject empty string","duration":0.07349999999996726,"failureMessages":[],"meta":{}},{"ancestorTitles":["validateDisplayName - Unit Tests","invalid display names"],"fullName":"validateDisplayName - Unit Tests invalid display names should reject whitespace-only string","status":"passed","title":"should reject whitespace-only string","duration":0.05887499999994361,"failureMessages":[],"meta":{}},{"ancestorTitles":["validateDisplayName - Unit Tests","invalid display names"],"fullName":"validateDisplayName - Unit Tests invalid display names should reject display name with 51 characters (boundary)","status":"passed","title":"should reject display name with 51 characters (boundary)","duration":0.0755829999998241,"failureMessages":[],"meta":{}},{"ancestorTitles":["validateDisplayName - Unit Tests","invalid display names"],"fullName":"validateDisplayName - Unit Tests invalid display names should reject display name with 52 characters","status":"passed","title":"should reject display name with 52 characters","duration":0.06091599999990649,"failureMessages":[],"meta":{}},{"ancestorTitles":["validateDisplayName - Unit Tests","invalid display names"],"fullName":"validateDisplayName - Unit Tests invalid display names should reject display name with 100 characters","status":"passed","title":"should reject display name with 100 characters","duration":0.05387499999983447,"failureMessages":[],"meta":{}},{"ancestorTitles":["validateAvatarFile - Unit Tests","valid avatar files"],"fullName":"validateAvatarFile - Unit Tests valid avatar files should accept JPEG file with 1 byte (boundary)","status":"passed","title":"should accept JPEG file with 1 byte (boundary)","duration":0.4044169999999667,"failureMessages":[],"meta":{}},{"ancestorTitles":["validateAvatarFile - Unit Tests","valid avatar files"],"fullName":"validateAvatarFile - Unit Tests valid avatar files should accept PNG file with 1 MB","status":"passed","title":"should accept PNG file with 1 MB","duration":0.09195900000008805,"failureMessages":[],"meta":{}},{"ancestorTitles":["validateAvatarFile - Unit Tests","valid avatar files"],"fullName":"validateAvatarFile - Unit Tests valid avatar files should accept WebP file with exactly 2 MB (boundary)","status":"passed","title":"should accept WebP file with exactly 2 MB (boundary)","duration":0.09170900000003712,"failureMessages":[],"meta":{}},{"ancestorTitles":["validateAvatarFile - Unit Tests","valid avatar files"],"fullName":"validateAvatarFile - Unit Tests valid avatar files should accept JPEG file with 1.5 MB","status":"passed","title":"should accept JPEG file with 1.5 MB","duration":0.09987499999988358,"failureMessages":[],"meta":{}},{"ancestorTitles":["validateAvatarFile - Unit Tests","valid avatar files"],"fullName":"validateAvatarFile - Unit Tests valid avatar files should accept PNG file with 500 KB","status":"passed","title":"should accept PNG file with 500 KB","duration":0.08645799999999326,"failureMessages":[],"meta":{}},{"ancestorTitles":["validateAvatarFile - Unit Tests","invalid avatar files - size"],"fullName":"validateAvatarFile - Unit Tests invalid avatar files - size should reject file with 2 MB + 1 byte (boundary)","status":"passed","title":"should reject file with 2 MB + 1 byte (boundary)","duration":0.08304199999997763,"failureMessages":[],"meta":{}},{"ancestorTitles":["validateAvatarFile - Unit Tests","invalid avatar files - size"],"fullName":"validateAvatarFile - Unit Tests invalid avatar files - size should reject file with 3 MB","status":"passed","title":"should reject file with 3 MB","duration":0.10133300000006784,"failureMessages":[],"meta":{}},{"ancestorTitles":["validateAvatarFile - Unit Tests","invalid avatar files - size"],"fullName":"validateAvatarFile - Unit Tests invalid avatar files - size should reject file with 10 MB","status":"passed","title":"should reject file with 10 MB","duration":0.08450000000016189,"failureMessages":[],"meta":{}},{"ancestorTitles":["validateAvatarFile - Unit Tests","invalid avatar files - type"],"fullName":"validateAvatarFile - Unit Tests invalid avatar files - type should reject GIF file","status":"passed","title":"should reject GIF file","duration":0.23383400000011534,"failureMessages":[],"meta":{}},{"ancestorTitles":["validateAvatarFile - Unit Tests","invalid avatar files - type"],"fullName":"validateAvatarFile - Unit Tests invalid avatar files - type should reject SVG file","status":"passed","title":"should reject SVG file","duration":0.12287500000002183,"failureMessages":[],"meta":{}},{"ancestorTitles":["validateAvatarFile - Unit Tests","invalid avatar files - type"],"fullName":"validateAvatarFile - Unit Tests invalid avatar files - type should reject PDF file","status":"passed","title":"should reject PDF file","duration":0.0724169999998594,"failureMessages":[],"meta":{}},{"ancestorTitles":["validateAvatarFile - Unit Tests","invalid avatar files - type"],"fullName":"validateAvatarFile - Unit Tests invalid avatar files - type should reject text file","status":"passed","title":"should reject text file","duration":0.0679170000000795,"failureMessages":[],"meta":{}},{"ancestorTitles":["validateAvatarFile - Unit Tests","invalid avatar files - type"],"fullName":"validateAvatarFile - Unit Tests invalid avatar files - type should reject BMP file","status":"passed","title":"should reject BMP file","duration":0.06362500000000182,"failureMessages":[],"meta":{}},{"ancestorTitles":["validateAvatarFile - Unit Tests","invalid avatar files - both size and type"],"fullName":"validateAvatarFile - Unit Tests invalid avatar files - both size and type should reject oversized GIF file","status":"passed","title":"should reject oversized GIF file","duration":0.06354200000009769,"failureMessages":[],"meta":{}},{"ancestorTitles":["validatePasswordsMatch - Unit Tests","matching passwords"],"fullName":"validatePasswordsMatch - Unit Tests matching passwords should accept identical passwords","status":"passed","title":"should accept identical passwords","duration":0.0702089999999771,"failureMessages":[],"meta":{}},{"ancestorTitles":["validatePasswordsMatch - Unit Tests","matching passwords"],"fullName":"validatePasswordsMatch - Unit Tests matching passwords should accept identical empty strings","status":"passed","title":"should accept identical empty strings","duration":0.0470829999999296,"failureMessages":[],"meta":{}},{"ancestorTitles":["validatePasswordsMatch - Unit Tests","matching passwords"],"fullName":"validatePasswordsMatch - Unit Tests matching passwords should accept identical single character","status":"passed","title":"should accept identical single character","duration":0.044667000000117696,"failureMessages":[],"meta":{}},{"ancestorTitles":["validatePasswordsMatch - Unit Tests","matching passwords"],"fullName":"validatePasswordsMatch - Unit Tests matching passwords should accept identical long passwords","status":"passed","title":"should accept identical long passwords","duration":0.05475000000001273,"failureMessages":[],"meta":{}},{"ancestorTitles":["validatePasswordsMatch - Unit Tests","matching passwords"],"fullName":"validatePasswordsMatch - Unit Tests matching passwords should accept identical passwords with special characters","status":"passed","title":"should accept identical passwords with special characters","duration":0.05541699999980665,"failureMessages":[],"meta":{}},{"ancestorTitles":["validatePasswordsMatch - Unit Tests","non-matching passwords"],"fullName":"validatePasswordsMatch - Unit Tests non-matching passwords should reject different passwords","status":"passed","title":"should reject different passwords","duration":0.06570800000008603,"failureMessages":[],"meta":{}},{"ancestorTitles":["validatePasswordsMatch - Unit Tests","non-matching passwords"],"fullName":"validatePasswordsMatch - Unit Tests non-matching passwords should reject passwords differing by case","status":"passed","title":"should reject passwords differing by case","duration":0.05541700000003402,"failureMessages":[],"meta":{}},{"ancestorTitles":["validatePasswordsMatch - Unit Tests","non-matching passwords"],"fullName":"validatePasswordsMatch - Unit Tests non-matching passwords should reject passwords differing by trailing space","status":"passed","title":"should reject passwords differing by trailing space","duration":0.16037499999993088,"failureMessages":[],"meta":{}},{"ancestorTitles":["validatePasswordsMatch - Unit Tests","non-matching passwords"],"fullName":"validatePasswordsMatch - Unit Tests non-matching passwords should reject passwords differing by leading space","status":"passed","title":"should reject passwords differing by leading space","duration":0.06887499999993452,"failureMessages":[],"meta":{}},{"ancestorTitles":["validatePasswordsMatch - Unit Tests","non-matching passwords"],"fullName":"validatePasswordsMatch - Unit Tests non-matching passwords should reject empty vs non-empty","status":"passed","title":"should reject empty vs non-empty","duration":0.05908300000010058,"failureMessages":[],"meta":{}},{"ancestorTitles":["validatePasswordsMatch - Unit Tests","non-matching passwords"],"fullName":"validatePasswordsMatch - Unit Tests non-matching passwords should reject non-empty vs empty","status":"passed","title":"should reject non-empty vs empty","duration":0.057999999999992724,"failureMessages":[],"meta":{}},{"ancestorTitles":["validatePasswordsMatch - Unit Tests","non-matching passwords"],"fullName":"validatePasswordsMatch - Unit Tests non-matching passwords should reject passwords differing by one character","status":"passed","title":"should reject passwords differing by one character","duration":0.05816699999991215,"failureMessages":[],"meta":{}},{"ancestorTitles":["sanitiseDisplayName - Unit Tests","plain text (no sanitisation needed)"],"fullName":"sanitiseDisplayName - Unit Tests plain text (no sanitisation needed) should return plain text unchanged","status":"passed","title":"should return plain text unchanged","duration":0.11416600000006838,"failureMessages":[],"meta":{}},{"ancestorTitles":["sanitiseDisplayName - Unit Tests","plain text (no sanitisation needed)"],"fullName":"sanitiseDisplayName - Unit Tests plain text (no sanitisation needed) should return text with numbers unchanged","status":"passed","title":"should return text with numbers unchanged","duration":0.1472919999998794,"failureMessages":[],"meta":{}},{"ancestorTitles":["sanitiseDisplayName - Unit Tests","plain text (no sanitisation needed)"],"fullName":"sanitiseDisplayName - Unit Tests plain text (no sanitisation needed) should return text with special characters unchanged","status":"passed","title":"should return text with special characters unchanged","duration":0.047207999999955064,"failureMessages":[],"meta":{}},{"ancestorTitles":["sanitiseDisplayName - Unit Tests","plain text (no sanitisation needed)"],"fullName":"sanitiseDisplayName - Unit Tests plain text (no sanitisation needed) should return empty string unchanged","status":"passed","title":"should return empty string unchanged","duration":0.04395799999997507,"failureMessages":[],"meta":{}},{"ancestorTitles":["sanitiseDisplayName - Unit Tests","plain text (no sanitisation needed)"],"fullName":"sanitiseDisplayName - Unit Tests plain text (no sanitisation needed) should return text with unicode unchanged","status":"passed","title":"should return text with unicode unchanged","duration":0.044667000000117696,"failureMessages":[],"meta":{}},{"ancestorTitles":["sanitiseDisplayName - Unit Tests","HTML markup removal"],"fullName":"sanitiseDisplayName - Unit Tests HTML markup removal should remove simple HTML tags","status":"passed","title":"should remove simple HTML tags","duration":0.04533300000002782,"failureMessages":[],"meta":{}},{"ancestorTitles":["sanitiseDisplayName - Unit Tests","HTML markup removal"],"fullName":"sanitiseDisplayName - Unit Tests HTML markup removal should remove script tags","status":"passed","title":"should remove script tags","duration":0.08545800000001691,"failureMessages":[],"meta":{}},{"ancestorTitles":["sanitiseDisplayName - Unit Tests","HTML markup removal"],"fullName":"sanitiseDisplayName - Unit Tests HTML markup removal should remove self-closing tags","status":"passed","title":"should remove self-closing tags","duration":0.0542089999999007,"failureMessages":[],"meta":{}},{"ancestorTitles":["sanitiseDisplayName - Unit Tests","HTML markup removal"],"fullName":"sanitiseDisplayName - Unit Tests HTML markup removal should remove tags with attributes","status":"passed","title":"should remove tags with attributes","duration":0.06833400000004985,"failureMessages":[],"meta":{}},{"ancestorTitles":["sanitiseDisplayName - Unit Tests","HTML markup removal"],"fullName":"sanitiseDisplayName - Unit Tests HTML markup removal should remove div tags","status":"passed","title":"should remove div tags","duration":0.0831670000000031,"failureMessages":[],"meta":{}},{"ancestorTitles":["sanitiseDisplayName - Unit Tests","HTML markup removal"],"fullName":"sanitiseDisplayName - Unit Tests HTML markup removal should remove span tags","status":"passed","title":"should remove span tags","duration":0.0542920000000322,"failureMessages":[],"meta":{}},{"ancestorTitles":["sanitiseDisplayName - Unit Tests","HTML markup removal"],"fullName":"sanitiseDisplayName - Unit Tests HTML markup removal should remove multiple tags","status":"passed","title":"should remove multiple tags","duration":0.04870899999991707,"failureMessages":[],"meta":{}},{"ancestorTitles":["sanitiseDisplayName - Unit Tests","HTML markup removal"],"fullName":"sanitiseDisplayName - Unit Tests HTML markup removal should remove nested tags","status":"passed","title":"should remove nested tags","duration":0.06583299999988412,"failureMessages":[],"meta":{}},{"ancestorTitles":["sanitiseDisplayName - Unit Tests","HTML markup removal"],"fullName":"sanitiseDisplayName - Unit Tests HTML markup removal should remove tags with complex attributes","status":"passed","title":"should remove tags with complex attributes","duration":0.05633299999999508,"failureMessages":[],"meta":{}},{"ancestorTitles":["sanitiseDisplayName - Unit Tests","HTML markup removal"],"fullName":"sanitiseDisplayName - Unit Tests HTML markup removal should remove incomplete tags","status":"passed","title":"should remove incomplete tags","duration":0.05020799999988412,"failureMessages":[],"meta":{}},{"ancestorTitles":["sanitiseDisplayName - Unit Tests","HTML markup removal"],"fullName":"sanitiseDisplayName - Unit Tests HTML markup removal should handle mixed content","status":"passed","title":"should handle mixed content","duration":0.0439169999999649,"failureMessages":[],"meta":{}},{"ancestorTitles":["sanitiseDisplayName - Unit Tests","HTML markup removal"],"fullName":"sanitiseDisplayName - Unit Tests HTML markup removal should remove all angle brackets from tags","status":"passed","title":"should remove all angle brackets from tags","duration":0.1985829999998714,"failureMessages":[],"meta":{}},{"ancestorTitles":["sanitiseDisplayName - Unit Tests","HTML markup removal"],"fullName":"sanitiseDisplayName - Unit Tests HTML markup removal should handle multiple separate tags","status":"passed","title":"should handle multiple separate tags","duration":0.04691600000001017,"failureMessages":[],"meta":{}}],"startTime":1776829581837,"endTime":1776829581849.1985,"status":"passed","message":"","name":"/Users/quynh.pq/Kiro-MyFirstProject/sprint-sync/lib/auth/__tests__/validators.test.ts"}]}